0,True
1,True
2,False
3,True
4,True
5,True
6,True
7,False
9,True
10,False
11,True
12,True
13,False
15,False
20,True
21,False
22,True
23,False
24,True
25,True
26,True
27,True
28,False
29,True
30,True
31,False
32,False
33,True
34,True
35,True
36,True
37,True
38,False
39,False
40,True
41,False
42,False
43,False
44,True
45,False
46,True
47,False
48,False
50,True
51,True
52,True
53,True
54,True
55,True
57,False
58,True
59,False
60,True
62,False
63,True
64,False
65,False
68,True
72,True
79,True
80,True
81,True
82,True
83,False
85,True
86,True
87,True
88,True
89,True
90,False
91,True
92,True
93,True
94,True
95,True
96,True
97,False
98,True
99,True
100,True
104,True
105,False
106,False
107,False
108,True
109,False
111,True
116,False
119,True
121,True
122,True
125,False
126,True
127,False
128,True
129,True
130,True
131,False
132,False
133,False
134,False
135,True
136,True
137,True
138,False
139,False
140,True
141,True
142,True
144,True
145,True
146,False
147,False
148,False
149,True
150,False
151,True
152,False
153,True
154,True
155,True
156,True
157,False
158,True
159,False
160,True
161,True
162,True
163,True
164,True
165,True
169,True
170,True
171,True
172,False
173,True
174,False
175,True
176,False
177,True
178,True
179,True
180,True
181,True
182,False
184,False
185,True
187,False
188,True
189,True
190,False
192,True
193,False
194,False
195,True
196,True
197,True
198,False
199,True
200,True
202,False
203,True
204,True
205,False
206,False
207,True
211,False
212,True
218,True
219,False
220,True
221,False
222,True
223,False
224,True
225,False
226,True
227,True
228,False
229,False
230,True
231,True
232,True
233,False
234,True
236,True
244,False
245,True
246,True
249,True
250,False
251,False
252,False
253,True
254,True
255,False
256,True
257,False
258,True
259,True
260,True
262,False
264,False
265,True
266,False
267,False
268,False
269,False
270,False
271,True
272,True
273,True
274,False
