0,True
1,False
2,True
3,True
4,True
5,False
6,False
7,False
8,False
9,False
10,False
11,True
12,True
13,False
14,True
15,False
16,False
17,True
18,True
19,False
20,False
21,False
22,True
23,True
24,True
25,True
26,True
27,False
28,False
29,True
30,False
31,False
32,True
33,True
34,True
35,False
36,False
37,True
38,True
39,False
40,True
41,False
42,True
43,True
44,False
45,True
46,True
47,True
48,False
49,True
50,False
51,False
52,False
53,True
54,True
55,True
56,False
57,True
58,True
59,False
60,True
61,True
62,True
63,False
64,True
65,True
66,False
67,True
68,True
69,False
70,True
71,False
72,True
73,True
74,False
75,True
76,False
77,True
78,True
79,True
80,True
81,True
82,False
83,True
84,True
85,True
86,True
87,True
88,True
89,True
90,False
91,False
92,False
93,True
94,True
95,True
96,False
97,True
98,False
99,True
100,False
101,False
102,True
103,True
104,False
105,True
106,True
107,True
108,False
109,False
110,True
111,False
112,True
113,False
114,False
115,False
116,False
117,False
118,False
119,False
120,True
121,True
122,False
123,True
124,False
125,True
126,False
127,False
128,True
129,False
130,True
131,False
132,False
133,True
134,False
135,True
136,True
137,True
138,True
139,True
140,False
141,False
142,False
143,False
144,True
145,True
146,True
147,False
148,True
149,True
150,False
151,True
152,True
153,False
154,True
155,False
156,False
157,True
158,True
159,False
160,False
161,False
162,False
163,False
164,True
165,False
166,True
167,True
168,True
169,False
170,True
171,True
172,False
173,True
174,True
175,True
176,True
177,True
178,False
179,False
180,False
181,True
182,True
183,True
184,True
185,False
186,True
187,False
188,False
189,True
190,False
191,False
192,True
193,True
194,False
195,False
196,False
197,False
198,True
199,False
200,False
201,False
202,True
203,True
204,True
205,False
206,False
207,False
208,False
209,True
210,False
211,False
212,True
213,False
214,False
215,True
216,True
217,True
218,True
219,True
220,True
221,False
222,False
223,True
224,False
225,True
226,False
227,False
228,True
229,True
230,True
231,False
232,True
233,True
234,False
235,False
236,False
237,False
238,True
239,False
240,True
241,False
242,False
243,True
244,False
245,False
246,False
247,False
248,True
249,True
250,False
251,False
252,True
253,False
254,True
255,False
256,True
257,False
